  source.cpp
C:\Users\karol\Desktop\Studia\Progrmownie1\cwiczenia\cw6\zadanie3 - projekt swiateczny\Christmas project\Christmas project\source.cpp(101,18): warning C4244: "inicjowanie": konwersja z "int" do "float", możliwa utrata danych
C:\Users\karol\Desktop\Studia\Progrmownie1\cwiczenia\cw6\zadanie3 - projekt swiateczny\Christmas project\Christmas project\source.cpp(102,104): warning C4244: "argument": konwersja z "float" do "int32_t", możliwa utrata danych
C:\Users\karol\Desktop\Studia\Progrmownie1\cwiczenia\cw6\zadanie3 - projekt swiateczny\Christmas project\Christmas project\source.cpp(102,62): warning C4244: "argument": konwersja z "float" do "int32_t", możliwa utrata danych
C:\Users\karol\Desktop\Studia\Progrmownie1\cwiczenia\cw6\zadanie3 - projekt swiateczny\Christmas project\Christmas project\source.cpp(103,111): warning C4244: "argument": konwersja z "float" do "int32_t", możliwa utrata danych
C:\Users\karol\Desktop\Studia\Progrmownie1\cwiczenia\cw6\zadanie3 - projekt swiateczny\Christmas project\Christmas project\source.cpp(103,84): warning C4244: "argument": konwersja z "float" do "int32_t", możliwa utrata danych
C:\Users\karol\Desktop\Studia\Progrmownie1\cwiczenia\cw6\zadanie3 - projekt swiateczny\Christmas project\Christmas project\source.cpp(103,62): warning C4244: "argument": konwersja z "float" do "int32_t", możliwa utrata danych
C:\Users\karol\Desktop\Studia\Progrmownie1\cwiczenia\cw6\zadanie3 - projekt swiateczny\Christmas project\Christmas project\source.cpp(104,103): warning C4244: "argument": konwersja z "float" do "int32_t", możliwa utrata danych
C:\Users\karol\Desktop\Studia\Progrmownie1\cwiczenia\cw6\zadanie3 - projekt swiateczny\Christmas project\Christmas project\source.cpp(104,79): warning C4244: "argument": konwersja z "float" do "int32_t", możliwa utrata danych
C:\Users\karol\Desktop\Studia\Progrmownie1\cwiczenia\cw6\zadanie3 - projekt swiateczny\Christmas project\Christmas project\source.cpp(104,45): warning C4244: "argument": konwersja z "float" do "int32_t", możliwa utrata danych
C:\Users\karol\Desktop\Studia\Progrmownie1\cwiczenia\cw6\zadanie3 - projekt swiateczny\Christmas project\Christmas project\source.cpp(105,40): warning C4244: "=": konwersja z "int" do "float", możliwa utrata danych
C:\Users\karol\Desktop\Studia\Progrmownie1\cwiczenia\cw6\zadanie3 - projekt swiateczny\Christmas project\Christmas project\source.cpp(106,113): warning C4244: "argument": konwersja z "float" do "int32_t", możliwa utrata danych
C:\Users\karol\Desktop\Studia\Progrmownie1\cwiczenia\cw6\zadanie3 - projekt swiateczny\Christmas project\Christmas project\source.cpp(106,89): warning C4244: "argument": konwersja z "float" do "int32_t", możliwa utrata danych
C:\Users\karol\Desktop\Studia\Progrmownie1\cwiczenia\cw6\zadanie3 - projekt swiateczny\Christmas project\Christmas project\source.cpp(106,62): warning C4244: "argument": konwersja z "float" do "int32_t", możliwa utrata danych
C:\Users\karol\Desktop\Studia\Progrmownie1\cwiczenia\cw6\zadanie3 - projekt swiateczny\Christmas project\Christmas project\source.cpp(107,125): warning C4244: "argument": konwersja z "float" do "int32_t", możliwa utrata danych
C:\Users\karol\Desktop\Studia\Progrmownie1\cwiczenia\cw6\zadanie3 - projekt swiateczny\Christmas project\Christmas project\source.cpp(107,89): warning C4244: "argument": konwersja z "float" do "int32_t", możliwa utrata danych
C:\Users\karol\Desktop\Studia\Progrmownie1\cwiczenia\cw6\zadanie3 - projekt swiateczny\Christmas project\Christmas project\source.cpp(107,62): warning C4244: "argument": konwersja z "float" do "int32_t", możliwa utrata danych
C:\Users\karol\Desktop\Studia\Progrmownie1\cwiczenia\cw6\zadanie3 - projekt swiateczny\Christmas project\Christmas project\source.cpp(108,117): warning C4244: "argument": konwersja z "float" do "int32_t", możliwa utrata danych
C:\Users\karol\Desktop\Studia\Progrmownie1\cwiczenia\cw6\zadanie3 - projekt swiateczny\Christmas project\Christmas project\source.cpp(108,80): warning C4244: "argument": konwersja z "float" do "int32_t", możliwa utrata danych
C:\Users\karol\Desktop\Studia\Progrmownie1\cwiczenia\cw6\zadanie3 - projekt swiateczny\Christmas project\Christmas project\source.cpp(108,45): warning C4244: "argument": konwersja z "float" do "int32_t", możliwa utrata danych
C:\Users\karol\Desktop\Studia\Progrmownie1\cwiczenia\cw6\zadanie3 - projekt swiateczny\Christmas project\Christmas project\source.cpp(122,67): warning C4244: "argument": konwersja z "float" do "int32_t", możliwa utrata danych
C:\Users\karol\Desktop\Studia\Progrmownie1\cwiczenia\cw6\zadanie3 - projekt swiateczny\Christmas project\Christmas project\source.cpp(122,36): warning C4244: "argument": konwersja z "float" do "int32_t", możliwa utrata danych
C:\Users\karol\Desktop\Studia\Progrmownie1\cwiczenia\cw6\zadanie3 - projekt swiateczny\Christmas project\Christmas project\source.cpp(123,67): warning C4244: "argument": konwersja z "float" do "int32_t", możliwa utrata danych
C:\Users\karol\Desktop\Studia\Progrmownie1\cwiczenia\cw6\zadanie3 - projekt swiateczny\Christmas project\Christmas project\source.cpp(123,36): warning C4244: "argument": konwersja z "float" do "int32_t", możliwa utrata danych
C:\Users\karol\Desktop\Studia\Progrmownie1\cwiczenia\cw6\zadanie3 - projekt swiateczny\Christmas project\Christmas project\source.cpp(124,67): warning C4244: "argument": konwersja z "float" do "int32_t", możliwa utrata danych
C:\Users\karol\Desktop\Studia\Progrmownie1\cwiczenia\cw6\zadanie3 - projekt swiateczny\Christmas project\Christmas project\source.cpp(124,36): warning C4244: "argument": konwersja z "float" do "int32_t", możliwa utrata danych
C:\Users\karol\Desktop\Studia\Progrmownie1\cwiczenia\cw6\zadanie3 - projekt swiateczny\Christmas project\Christmas project\source.cpp(125,67): warning C4244: "argument": konwersja z "float" do "int32_t", możliwa utrata danych
C:\Users\karol\Desktop\Studia\Progrmownie1\cwiczenia\cw6\zadanie3 - projekt swiateczny\Christmas project\Christmas project\source.cpp(125,26): warning C4244: "argument": konwersja z "float" do "int32_t", możliwa utrata danych
C:\Users\karol\Desktop\Studia\Progrmownie1\cwiczenia\cw6\zadanie3 - projekt swiateczny\Christmas project\Christmas project\source.cpp(126,71): warning C4244: "argument": konwersja z "float" do "int32_t", możliwa utrata danych
C:\Users\karol\Desktop\Studia\Progrmownie1\cwiczenia\cw6\zadanie3 - projekt swiateczny\Christmas project\Christmas project\source.cpp(126,40): warning C4244: "argument": konwersja z "float" do "int32_t", możliwa utrata danych
C:\Users\karol\Desktop\Studia\Progrmownie1\cwiczenia\cw6\zadanie3 - projekt swiateczny\Christmas project\Christmas project\source.cpp(129,67): warning C4244: "argument": konwersja z "float" do "int32_t", możliwa utrata danych
C:\Users\karol\Desktop\Studia\Progrmownie1\cwiczenia\cw6\zadanie3 - projekt swiateczny\Christmas project\Christmas project\source.cpp(129,36): warning C4244: "argument": konwersja z "float" do "int32_t", możliwa utrata danych
C:\Users\karol\Desktop\Studia\Progrmownie1\cwiczenia\cw6\zadanie3 - projekt swiateczny\Christmas project\Christmas project\source.cpp(130,67): warning C4244: "argument": konwersja z "float" do "int32_t", możliwa utrata danych
C:\Users\karol\Desktop\Studia\Progrmownie1\cwiczenia\cw6\zadanie3 - projekt swiateczny\Christmas project\Christmas project\source.cpp(130,36): warning C4244: "argument": konwersja z "float" do "int32_t", możliwa utrata danych
C:\Users\karol\Desktop\Studia\Progrmownie1\cwiczenia\cw6\zadanie3 - projekt swiateczny\Christmas project\Christmas project\source.cpp(131,67): warning C4244: "argument": konwersja z "float" do "int32_t", możliwa utrata danych
C:\Users\karol\Desktop\Studia\Progrmownie1\cwiczenia\cw6\zadanie3 - projekt swiateczny\Christmas project\Christmas project\source.cpp(131,36): warning C4244: "argument": konwersja z "float" do "int32_t", możliwa utrata danych
C:\Users\karol\Desktop\Studia\Progrmownie1\cwiczenia\cw6\zadanie3 - projekt swiateczny\Christmas project\Christmas project\source.cpp(132,67): warning C4244: "argument": konwersja z "float" do "int32_t", możliwa utrata danych
C:\Users\karol\Desktop\Studia\Progrmownie1\cwiczenia\cw6\zadanie3 - projekt swiateczny\Christmas project\Christmas project\source.cpp(132,26): warning C4244: "argument": konwersja z "float" do "int32_t", możliwa utrata danych
C:\Users\karol\Desktop\Studia\Progrmownie1\cwiczenia\cw6\zadanie3 - projekt swiateczny\Christmas project\Christmas project\source.cpp(133,71): warning C4244: "argument": konwersja z "float" do "int32_t", możliwa utrata danych
C:\Users\karol\Desktop\Studia\Progrmownie1\cwiczenia\cw6\zadanie3 - projekt swiateczny\Christmas project\Christmas project\source.cpp(133,40): warning C4244: "argument": konwersja z "float" do "int32_t", możliwa utrata danych
  Christmas project.vcxproj -> C:\Users\karol\Desktop\Studia\Progrmownie1\cwiczenia\cw6\zadanie3 - projekt swiateczny\Christmas project\Debug\Christmas project.exe
